Change Component Designator: OldDesignator=U? NewDesignator=U9
Added Component: Designator=U7(DSS0012A)
Add component (AddParameter): Name = "Alternate_PartNumber"; Value = "TPS62745DSST"; VariantName = "[No Variations]"
Add component (AddParameter): Name = "Application_BuildNumber"; Value = ""; VariantName = "[No Variations]"
Add component (AddParameter): Name = "CompType"; Value = "IC"; VariantName = "[No Variations]"
Add component (AddParameter): Name = "Manufacturer"; Value = "Texas Instruments"; VariantName = "[No Variations]"
Add component (AddParameter): Name = "Mfr_Name"; Value = "Texas Instruments"; VariantName = "[No Variations]"
Add component (AddParameter): Name = "MountType"; Value = "SMT"; VariantName = "[No Variations]"
Add component (AddParameter): Name = "PackageReference"; Value = "DSS0012A"; VariantName = "[No Variations]"
Add component (AddParameter): Name = "PartNumber"; Value = "TPS62745DSSR"; VariantName = "[No Variations]"
Add component (AddParameter): Name = "RefDes"; Value = "RefDes"; VariantName = "[No Variations]"
Add component (AddParameter): Name = "RoHS"; Value = "Y"; VariantName = "[No Variations]"
Add component (AddParameter): Name = "TYPE"; Value = "TYPE"; VariantName = "[No Variations]"
Added Pin To Net: NetName=VBAT+ Pin=U7-1
Added Pin To Net: NetName=GND Pin=U7-3
Added Pin To Net: NetName=GND Pin=U7-4
Added Pin To Net: NetName=+1V8 Pin=U7-5
Added Pin To Net: NetName=GND Pin=U7-8
Added Pin To Net: NetName=GND Pin=U7-9
Added Pin To Net: NetName=GND Pin=U7-10
Added Pin To Net: NetName=GND Pin=U7-11
Added Pin To Net: NetName=+3V3 Pin=U7-12
Added Pin To Net: NetName=GND Pin=U7-13
Added Pin To Net: NetName=NetL2_1 Pin=L2-1
Added Pin To Net: NetName=NetL2_1 Pin=U7-2
Added Net: Name=NetL2_1
Added Member To Class: ClassName=U_Peripherals Member=Component U7 U_TPS62745DSSR
