Removed Pin From Net: NetName=GPS_SAFEBOOT Pin=U4-1
Removed Pin From Net: NetName=GND Pin=U4-2
Removed Pin From Net: NetName=GPS_PPS Pin=U4-3
Removed Pin From Net: NetName=GPS_INT Pin=U4-4
Removed Pin From Net: NetName=GPS_RST Pin=U4-8
Removed Pin From Net: NetName=VCC _RF Pin=U4-9
Removed Pin From Net: NetName=GND Pin=U4-10
Removed Pin From Net: NetName=GPS_Antenna Pin=U4-11
Removed Pin From Net: NetName=GND Pin=U4-12
Removed Pin From Net: NetName=GND Pin=U4-13
Removed Pin From Net: NetName=SDA Pin=U4-18
Removed Pin From Net: NetName=SCL Pin=U4-19
Removed Pin From Net: NetName=+3V3 Pin=U4-23
Removed Pin From Net: NetName=GND Pin=U4-24
Removed Member From Class: ClassName=U_Peripherals Member=U4
Add Component: Footprint Not Found SMT_9N-00B_UBL
Add Pin To Net: Unknown Pin: Pin U?-1
Add Pin To Net: Unknown Pin: Pin U?-2
Add Pin To Net: Unknown Pin: Pin U?-3
Add Pin To Net: Unknown Pin: Pin U?-4
Add Pin To Net: Unknown Pin: Pin U?-8
Add Pin To Net: Unknown Pin: Pin U?-9
Add Pin To Net: Unknown Pin: Pin U?-10
Add Pin To Net: Unknown Pin: Pin U?-11
Add Pin To Net: Unknown Pin: Pin U?-12
Add Pin To Net: Unknown Pin: Pin U?-13
Add Pin To Net: Unknown Pin: Pin U?-18
Add Pin To Net: Unknown Pin: Pin U?-19
Add Pin To Net: Unknown Pin: Pin U?-23
Add Pin To Net: Unknown Pin: Pin U?-24
Add Class Member: Failed to add class member : Component U? NEO-M9N-00B
